#
# A fatal error has been detected by the Java Runtime Environment:
#
#  EXCEPTION_ACCESS_VIOLATION (0xc0000005) at pc=0x0000000076314a64, pid=5956, tid=7100
#
# JRE version: Java(TM) SE Runtime Environment (7.0_79-b15) (build 1.7.0_79-b15)
# Java VM: Java HotSpot(TM) 64-Bit Server VM (24.79-b02 mixed mode windows-amd64 compressed oops)
# Problematic frame:
# V  [jvm.dll+0x3a4a64]
#
# Failed to write core dump. Minidumps are not enabled by default on client versions of Windows
#
# If you would like to submit a bug report, please visit:
#   http://bugreport.java.com/bugreport/crash.jsp
#

---------------  T H R E A D  ---------------

Current thread (0x0000000002179000):  GCTaskThread [stack: 0x00000000057d0000,0x00000000058d0000] [id=7100]

siginfo: ExceptionCode=0xc0000005, reading address 0x00000000000000e0

Registers:
RAX=0x0000000000000000, RBX=0x00000000ecc09ed0, RCX=0x00000000b0004640, RDX=0x00000000086b1980
RSP=0x00000000058cf550, RBP=0x0000000040000000, RSI=0x00000000086b1980, RDI=0x0000000000000009
R8 =0x00000000ecc09ed0, R9 =0x1fffffffffffffff, R10=0x0000000000000000, R11=0x000000007651d2c8
R12=0x00000000052e0dbc, R13=0x0000000000000009, R14=0x0000000000000001, R15=0x000000000216e6a0
RIP=0x0000000076314a64, EFLAGS=0x0000000000010283

Top of Stack: (sp=0x00000000058cf550)
0x00000000058cf550:   0000000040000000 0000000040000000
0x00000000058cf560:   00000000086b1980 0000000000000009
0x00000000058cf570:   0000000000000000 0000000076314edb
0x00000000058cf580:   00000000ecc09ed0 00000000086b1980
0x00000000058cf590:   00000000086b1980 000000000081de40
0x00000000058cf5a0:   00000000ef2a8000 00000000763153b4
0x00000000058cf5b0:   00000000c01f8dd0 000000007605fed3
0x00000000058cf5c0:   0000000000000000 00000000086b1900
0x00000000058cf5d0:   00000000052e0dbc 0000000076315030
0x00000000058cf5e0:   00000000ef2ad1ac 00000000052e0e01
0x00000000058cf5f0:   00000000086b1980 00000000c01b8e00
0x00000000058cf600:   00000000ef2ad1ac 0000000076315c45
0x00000000058cf610:   00000000ecbef710 00000000052e0e01
0x00000000058cf620:   00000000086b1980 0000000000000003
0x00000000058cf630:   00000000086b1980 0000000076036d7b
0x00000000058cf640:   00000000c01b89ac 0000000076061ca9 

Instructions: (pc=0x0000000076314a64)
0x0000000076314a44:   68 2e 35 00 eb 04 48 8b 43 08 81 78 18 00 00 00
0x0000000076314a54:   c0 48 8d 48 10 73 0f 48 8b 01 4c 8b c3 48 8b d6
0x0000000076314a64:   ff 90 e0 00 00 00 48 8b d7 48 8b cb e8 1b 1c 00
0x0000000076314a74:   00 48 8b c3 48 8b 5c 24 30 48 8b 74 24 38 48 83 


Register to memory mapping:

RAX=0x0000000000000000 is an unknown value
RBX=0x00000000ecc09ed0 is an unknown value
RCX=0x00000000b0004640 is pointing into object: 0x00000000b0004530
{instance class} 
 - klass: {other class}
RDX=0x00000000086b1980 is an unknown value
RSP=0x00000000058cf550 is an unknown value
RBP=0x0000000040000000 is an unknown value
RSI=0x00000000086b1980 is an unknown value
RDI=0x0000000000000009 is an unknown value
R8 =0x00000000ecc09ed0 is an unknown value
R9 =0x1fffffffffffffff is an unknown value
R10=0x0000000000000000 is an unknown value
R11=0x000000007651d2c8 is an unknown value
R12=0x00000000052e0dbc is an unknown value
R13=0x0000000000000009 is an unknown value
R14=0x0000000000000001 is an unknown value
R15=0x000000000216e6a0 is an unknown value


Stack: [0x00000000057d0000,0x00000000058d0000],  sp=0x00000000058cf550,  free space=1021k
Native frames: (J=compiled Java code, j=interpreted, Vv=VM code, C=native code)
V  [jvm.dll+0x3a4a64]

[error occurred during error reporting (printing native stack), id 0xc0000005]


---------------  P R O C E S S  ---------------

Java Threads: ( => current thread )
  0x000000000aff2800 JavaThread "Stdin handler" [_thread_blocked, id=1460, stack(0x000000000c690000,0x000000000c790000)]
  0x000000000a890000 JavaThread "Daemon worker" [_thread_blocked, id=3228, stack(0x000000000c550000,0x000000000c650000)]
  0x000000000a812800 JavaThread "Cancel handler" [_thread_blocked, id=6536, stack(0x000000000c450000,0x000000000c550000)]
  0x000000000a975000 JavaThread "Handler for socket connection from /127.0.0.1:62187 to /127.0.0.1:62189" [_thread_in_native, id=6752, stack(0x000000000c350000,0x000000000c450000)]
  0x000000000a81c800 JavaThread "Daemon" [_thread_blocked, id=4852, stack(0x000000000c250000,0x000000000c350000)]
  0x000000000a8a2000 JavaThread "Incoming local TCP Connector on port 62187" [_thread_in_native, id=7032, stack(0x000000000c070000,0x000000000c170000)]
  0x000000000870b800 JavaThread "Service Thread" daemon [_thread_blocked, id=4144, stack(0x0000000009e80000,0x0000000009f80000)]
  0x0000000008704800 JavaThread "C2 CompilerThread1" daemon [_thread_blocked, id=6800, stack(0x0000000009d80000,0x0000000009e80000)]
  0x00000000086fe800 JavaThread "C2 CompilerThread0" daemon [_thread_blocked, id=6476, stack(0x0000000009c80000,0x0000000009d80000)]
  0x00000000086fd800 JavaThread "Attach Listener" daemon [_thread_blocked, id=6064, stack(0x0000000009b80000,0x0000000009c80000)]
  0x00000000086fa800 JavaThread "Signal Dispatcher" daemon [_thread_blocked, id=6032, stack(0x0000000009a80000,0x0000000009b80000)]
  0x00000000086c0800 JavaThread "Finalizer" daemon [_thread_blocked, id=3972, stack(0x0000000009980000,0x0000000009a80000)]
  0x00000000086b7800 JavaThread "Reference Handler" daemon [_thread_blocked, id=5968, stack(0x0000000009880000,0x0000000009980000)]
  0x0000000002160800 JavaThread "main" [_thread_blocked, id=788, stack(0x0000000002060000,0x0000000002160000)]

Other Threads:
  0x00000000086b2800 VMThread [stack: 0x0000000009780000,0x0000000009880000] [id=3816]
  0x000000000871d800 WatcherThread [stack: 0x0000000009f80000,0x000000000a080000] [id=6024]

=>0x0000000002179000 (exited) GCTaskThread [stack: 0x00000000057d0000,0x00000000058d0000] [id=7100]

VM state:at safepoint (normal execution)

VM Mutex/Monitor currently owned by a thread:  ([mutex/lock_event])
[0x000000000081bf40] Threads_lock - owner thread: 0x00000000086b2800
[0x000000000081c7c0] Heap_lock - owner thread: 0x000000000a890000

Heap
 PSYoungGen      total 38400K, used 38392K [0x00000000eaa80000, 0x00000000ef580000, 0x0000000100000000)
  eden space 33280K, 100% used [0x00000000eaa80000,0x00000000ecb00000,0x00000000ecb00000)
  from space 5120K, 99% used [0x00000000ecb00000,0x00000000ecffe0f0,0x00000000ed000000)
  to   space 5120K, 99% used [0x00000000ef080000,0x00000000ef578020,0x00000000ef580000)
 ParOldGen       total 698880K, used 7114K [0x00000000c0000000, 0x00000000eaa80000, 0x00000000eaa80000)
  object space 698880K, 1% used [0x00000000c0000000,0x00000000c06f2b20,0x00000000eaa80000)
 PSPermGen       total 22016K, used 21735K [0x00000000b0000000, 0x00000000b1580000, 0x00000000c0000000)
  object space 22016K, 98% used [0x00000000b0000000,0x00000000b1539e48,0x00000000b1580000)

Card table byte_map: [0x0000000005260000,0x00000000054f0000] byte_map_base: 0x0000000004ce0000

Polling page: 0x0000000000820000

Code Cache  [0x0000000002260000, 0x00000000024d0000, 0x0000000005260000)
 total_blobs=812 nmethods=251 adapters=513 free_code_cache=47200Kb largest_free_block=48306496

Compilation events (10 events):
Event: 3.828 Thread 0x00000000086fe800  247             java.lang.reflect.Modifier::isPrivate (12 bytes)
Event: 3.828 Thread 0x00000000086fe800 nmethod 247 0x0000000002442a10 code [0x0000000002442b40, 0x0000000002442b98]
Event: 3.832 Thread 0x0000000008704800  248             org.objectweb.asm.Type::a (269 bytes)
Event: 3.839 Thread 0x00000000086fe800  249             java.lang.ClassLoader::findLoadedClass (16 bytes)
Event: 3.840 Thread 0x0000000008704800 nmethod 248 0x0000000002446b10 code [0x0000000002446dc0, 0x0000000002447388]
Event: 3.840 Thread 0x0000000008704800  251   !         java.lang.ClassLoader::loadClass (122 bytes)
Event: 3.842 Thread 0x00000000086fe800 nmethod 249 0x00000000024447d0 code [0x0000000002444920, 0x0000000002444b08]
Event: 3.842 Thread 0x00000000086fe800  252             java.lang.ClassLoader::getClassLoadingLock (35 bytes)
Event: 3.848 Thread 0x00000000086fe800 nmethod 252 0x00000000024462d0 code [0x0000000002446440, 0x00000000024467c8]
Event: 3.860 Thread 0x0000000008704800 nmethod 251 0x000000000244a790 code [0x000000000244a980, 0x000000000244b680]

GC Heap History (7 events):
Event: 0.942 GC heap before
{Heap before GC invocations=1 (full 0):
 PSYoungGen      total 38400K, used 33280K [0x00000000eaa80000, 0x00000000ed500000, 0x0000000100000000)
  eden space 33280K, 100% used [0x00000000eaa80000,0x00000000ecb00000,0x00000000ecb00000)
  from space 5120K, 0% used [0x00000000ed000000,0x00000000ed000000,0x00000000ed500000)
  to   space 5120K, 0% used [0x00000000ecb00000,0x00000000ecb00000,0x00000000ed000000)
 ParOldGen       total 86016K, used 0K [0x00000000c0000000, 0x00000000c5400000, 0x00000000eaa80000)
  object space 86016K, 0% used [0x00000000c0000000,0x00000000c0000000,0x00000000c5400000)
 PSPermGen       total 21504K, used 6908K [0x00000000b0000000, 0x00000000b1500000, 0x00000000c0000000)
  object space 21504K, 32% used [0x00000000b0000000,0x00000000b06bf218,0x00000000b1500000)
Event: 0.949 GC heap after
Heap after GC invocations=1 (full 0):
 PSYoungGen      total 38400K, used 4406K [0x00000000eaa80000, 0x00000000ed500000, 0x0000000100000000)
  eden space 33280K, 0% used [0x00000000eaa80000,0x00000000eaa80000,0x00000000ecb00000)
  from space 5120K, 86% used [0x00000000ecb00000,0x00000000ecf4dbd8,0x00000000ed000000)
  to   space 5120K, 0% used [0x00000000ed000000,0x00000000ed000000,0x00000000ed500000)
 ParOldGen       total 86016K, used 8K [0x00000000c0000000, 0x00000000c5400000, 0x00000000eaa80000)
  object space 86016K, 0% used [0x00000000c0000000,0x00000000c0002000,0x00000000c5400000)
 PSPermGen       total 21504K, used 6908K [0x00000000b0000000, 0x00000000b1500000, 0x00000000c0000000)
  object space 21504K, 32% used [0x00000000b0000000,0x00000000b06bf218,0x00000000b1500000)
}
Event: 2.582 GC heap before
{Heap before GC invocations=2 (full 0):
 PSYoungGen      total 38400K, used 37686K [0x00000000eaa80000, 0x00000000ed500000, 0x0000000100000000)
  eden space 33280K, 100% used [0x00000000eaa80000,0x00000000ecb00000,0x00000000ecb00000)
  from space 5120K, 86% used [0x00000000ecb00000,0x00000000ecf4dbd8,0x00000000ed000000)
  to   space 5120K, 0% used [0x00000000ed000000,0x00000000ed000000,0x00000000ed500000)
 ParOldGen       total 86016K, used 8K [0x00000000c0000000, 0x00000000c5400000, 0x00000000eaa80000)
  object space 86016K, 0% used [0x00000000c0000000,0x00000000c0002000,0x00000000c5400000)
 PSPermGen       total 21504K, used 13379K [0x00000000b0000000, 0x00000000b1500000, 0x00000000c0000000)
  object space 21504K, 62% used [0x00000000b0000000,0x00000000b0d10e18,0x00000000b1500000)
Event: 2.592 GC heap after
Heap after GC invocations=2 (full 0):
 PSYoungGen      total 38400K, used 5103K [0x00000000eaa80000, 0x00000000ed500000, 0x0000000100000000)
  eden space 33280K, 0% used [0x00000000eaa80000,0x00000000eaa80000,0x00000000ecb00000)
  from space 5120K, 99% used [0x00000000ed000000,0x00000000ed4fbfa0,0x00000000ed500000)
  to   space 5120K, 0% used [0x00000000ecb00000,0x00000000ecb00000,0x00000000ed000000)
 ParOldGen       total 86016K, used 1720K [0x00000000c0000000, 0x00000000c5400000, 0x00000000eaa80000)
  object space 86016K, 2% used [0x00000000c0000000,0x00000000c01ae3f0,0x00000000c5400000)
 PSPermGen       total 21504K, used 13379K [0x00000000b0000000, 0x00000000b1500000, 0x00000000c0000000)
  object space 21504K, 62% used [0x00000000b0000000,0x00000000b0d10e18,0x00000000b1500000)
}
Event: 3.315 GC heap before
{Heap before GC invocations=3 (full 0):
 PSYoungGen      total 38400K, used 38383K [0x00000000eaa80000, 0x00000000ed500000, 0x0000000100000000)
  eden space 33280K, 100% used [0x00000000eaa80000,0x00000000ecb00000,0x00000000ecb00000)
  from space 5120K, 99% used [0x00000000ed000000,0x00000000ed4fbfa0,0x00000000ed500000)
  to   space 5120K, 0% used [0x00000000ecb00000,0x00000000ecb00000,0x00000000ed000000)
 ParOldGen       total 86016K, used 1720K [0x00000000c0000000, 0x00000000c5400000, 0x00000000eaa80000)
  object space 86016K, 2% used [0x00000000c0000000,0x00000000c01ae3f0,0x00000000c5400000)
 PSPermGen       total 21504K, used 18817K [0x00000000b0000000, 0x00000000b1500000, 0x00000000c0000000)
  object space 21504K, 87% used [0x00000000b0000000,0x00000000b12606f8,0x00000000b1500000)
Event: 3.328 GC heap after
Heap after GC invocations=3 (full 0):
 PSYoungGen      total 38400K, used 5112K [0x00000000eaa80000, 0x00000000ef580000, 0x0000000100000000)
  eden space 33280K, 0% used [0x00000000eaa80000,0x00000000eaa80000,0x00000000ecb00000)
  from space 5120K, 99% used [0x00000000ecb00000,0x00000000ecffe0f0,0x00000000ed000000)
  to   space 5120K, 0% used [0x00000000ef080000,0x00000000ef080000,0x00000000ef580000)
 ParOldGen       total 86016K, used 5462K [0x00000000c0000000, 0x00000000c5400000, 0x00000000eaa80000)
  object space 86016K, 6% used [0x00000000c0000000,0x00000000c05559d0,0x00000000c5400000)
 PSPermGen       total 21504K, used 18817K [0x00000000b0000000, 0x00000000b1500000, 0x00000000c0000000)
  object space 21504K, 87% used [0x00000000b0000000,0x00000000b12606f8,0x00000000b1500000)
}
Event: 3.904 GC heap before
{Heap before GC invocations=4 (full 0):
 PSYoungGen      total 38400K, used 38392K [0x00000000eaa80000, 0x00000000ef580000, 0x0000000100000000)
  eden space 33280K, 100% used [0x00000000eaa80000,0x00000000ecb00000,0x00000000ecb00000)
  from space 5120K, 99% used [0x00000000ecb00000,0x00000000ecffe0f0,0x00000000ed000000)
  to   space 5120K, 0% used [0x00000000ef080000,0x00000000ef080000,0x00000000ef580000)
 ParOldGen       total 86016K, used 5462K [0x00000000c0000000, 0x00000000c5400000, 0x00000000eaa80000)
  object space 86016K, 6% used [0x00000000c0000000,0x00000000c05559d0,0x00000000c5400000)
 PSPermGen       total 22016K, used 21735K [0x00000000b0000000, 0x00000000b1580000, 0x00000000c0000000)
  object space 22016K, 98% used [0x00000000b0000000,0x00000000b1539e48,0x00000000b1580000)

Deoptimization events (10 events):
Event: 3.387 Thread 0x000000000a890000 Uncommon trap: reason=unreached action=reinterpret pc=0x00000000023340cc method=org.codehaus.groovy.ast.ClassNode.redirect()Lorg/codehaus/groovy/ast/ClassNode; @ 4
Event: 3.594 Thread 0x000000000a890000 Uncommon trap: reason=class_check action=maybe_recompile pc=0x000000000230f8e0 method=sun.misc.URLClassPath.getLoader(I)Lsun/misc/URLClassPath$Loader; @ 94
Event: 3.594 Thread 0x000000000a890000 Uncommon trap: reason=class_check action=maybe_recompile pc=0x00000000022efff0 method=sun.misc.URLClassPath.getResource(Ljava/lang/String;Z)Lsun/misc/Resource; @ 53
Event: 3.615 Thread 0x000000000a890000 Uncommon trap: reason=class_check action=maybe_recompile pc=0x000000000230fa88 method=sun.misc.URLClassPath.getLoader(I)Lsun/misc/URLClassPath$Loader; @ 150
Event: 3.620 Thread 0x000000000a890000 Uncommon trap: reason=unreached action=reinterpret pc=0x00000000023155ec method=java.lang.reflect.Method.equals(Ljava/lang/Object;)Z @ 49
Event: 3.621 Thread 0x000000000a890000 Uncommon trap: reason=unreached action=reinterpret pc=0x000000000231bbfc method=java.lang.reflect.Method.equals(Ljava/lang/Object;)Z @ 49
Event: 3.626 Thread 0x000000000a890000 Uncommon trap: reason=class_check action=maybe_recompile pc=0x000000000230fa88 method=sun.misc.URLClassPath.getLoader(I)Lsun/misc/URLClassPath$Loader; @ 150
Event: 3.645 Thread 0x000000000a890000 Uncommon trap: reason=class_check action=maybe_recompile pc=0x000000000230fa88 method=sun.misc.URLClassPath.getLoader(I)Lsun/misc/URLClassPath$Loader; @ 150
Event: 3.717 Thread 0x000000000a890000 Uncommon trap: reason=unreached action=reinterpret pc=0x0000000002340184 method=java.lang.Class$MethodArray.addIfNotPresent(Ljava/lang/reflect/Method;)V @ 19
Event: 3.883 Thread 0x000000000a890000 Uncommon trap: reason=unreached action=reinterpret pc=0x0000000002306a74 method=java.util.HashMap.get(Ljava/lang/Object;)Ljava/lang/Object; @ 1

Internal exceptions (10 events):
Event: 3.902 Thread 0x000000000a890000 Threw 0x00000000ecab9878 at C:\re\jdk7u79\2331\hotspot\src\share\vm\prims\jvm.cpp:1304
Event: 3.902 Thread 0x000000000a890000 Threw 0x00000000ecabdfb0 at C:\re\jdk7u79\2331\hotspot\src\share\vm\prims\jvm.cpp:1304
Event: 3.902 Thread 0x000000000a890000 Threw 0x00000000ecac8418 at C:\re\jdk7u79\2331\hotspot\src\share\vm\prims\jvm.cpp:1304
Event: 3.902 Thread 0x000000000a890000 Threw 0x00000000ecac9628 at C:\re\jdk7u79\2331\hotspot\src\share\vm\prims\jvm.cpp:1304
Event: 3.903 Thread 0x000000000a890000 Threw 0x00000000ecad05c8 at C:\re\jdk7u79\2331\hotspot\src\share\vm\prims\jvm.cpp:1304
Event: 3.903 Thread 0x000000000a890000 Threw 0x00000000ecae0c58 at C:\re\jdk7u79\2331\hotspot\src\share\vm\prims\jvm.cpp:1304
Event: 3.903 Thread 0x000000000a890000 Threw 0x00000000ecae1db8 at C:\re\jdk7u79\2331\hotspot\src\share\vm\prims\jvm.cpp:1304
Event: 3.903 Thread 0x000000000a890000 Threw 0x00000000ecae8168 at C:\re\jdk7u79\2331\hotspot\src\share\vm\prims\jvm.cpp:1304
Event: 3.903 Thread 0x000000000a890000 Threw 0x00000000ecaf6210 at C:\re\jdk7u79\2331\hotspot\src\share\vm\prims\jvm.cpp:1304
Event: 3.903 Thread 0x000000000a890000 Threw 0x00000000ecaf7470 at C:\re\jdk7u79\2331\hotspot\src\share\vm\prims\jvm.cpp:1304

Events (10 events):
Event: 3.902 loading class 0x000000000b2fbff0 done
Event: 3.902 loading class 0x000000000b2fbd30
Event: 3.902 loading class 0x000000000b2fbd30 done
Event: 3.902 loading class 0x000000000b2e87c0
Event: 3.902 loading class 0x000000000b2e87c0 done
Event: 3.903 loading class 0x000000000b2cc770
Event: 3.903 loading class 0x000000000b2cc770 done
Event: 3.903 loading class 0x000000000b264520
Event: 3.903 loading class 0x000000000b264520 done
Event: 3.904 Executing VM operation: ParallelGCFailedAllocation


Dynamic libraries:
0x000007f6a0620000 - 0x000007f6a0653000 	C:\Program Files\Java\jdk1.7.0_79\bin\java.exe
0x000007f841c80000 - 0x000007f841e3d000 	C:\Windows\SYSTEM32\ntdll.dll
0x000007f841910000 - 0x000007f841a47000 	C:\Windows\system32\KERNEL32.DLL
0x000007f83ebc0000 - 0x000007f83ecb4000 	C:\Windows\system32\KERNELBASE.dll
0x00000000772e0000 - 0x0000000077369000 	C:\Windows\System32\SYSFER.DLL
0x000007f83fde0000 - 0x000007f83febe000 	C:\Windows\system32\ADVAPI32.dll
0x000007f841a50000 - 0x000007f841b9c000 	C:\Windows\system32\USER32.dll
0x000007f83bcf0000 - 0x000007f83bf5a000 	C:\Windows\WinSxS\amd64_microsoft.windows.common-controls_6595b64144ccf1df_6.0.9200.17359_none_4188b989718cf1c6\COMCTL32.dll
0x000007f83f3f0000 - 0x000007f83f495000 	C:\Windows\system32\msvcrt.dll
0x000007f83f0f0000 - 0x000007f83f138000 	C:\Windows\SYSTEM32\sechost.dll
0x000007f83f550000 - 0x000007f83f695000 	C:\Windows\system32\RPCRT4.dll
0x000007f83f840000 - 0x000007f83f981000 	C:\Windows\system32\GDI32.dll
0x000007f83f500000 - 0x000007f83f539000 	C:\Windows\system32\IMM32.DLL
0x000007f83f990000 - 0x000007f83faa5000 	C:\Windows\system32\MSCTF.dll
0x0000000075bf0000 - 0x0000000075cc2000 	C:\Program Files\Java\jdk1.7.0_79\jre\bin\msvcr100.dll
0x0000000075f70000 - 0x0000000076745000 	C:\Program Files\Java\jdk1.7.0_79\jre\bin\server\jvm.dll
0x000007f836830000 - 0x000007f836839000 	C:\Windows\SYSTEM32\WSOCK32.dll
0x000007f838fd0000 - 0x000007f838ff0000 	C:\Windows\SYSTEM32\WINMM.dll
0x000007f83f540000 - 0x000007f83f547000 	C:\Windows\system32\PSAPI.DLL
0x000007f83f4a0000 - 0x000007f83f4f8000 	C:\Windows\system32\WS2_32.dll
0x000007f838f90000 - 0x000007f838fc3000 	C:\Windows\SYSTEM32\WINMMBASE.dll
0x000007f83f140000 - 0x000007f83f149000 	C:\Windows\system32\NSI.dll
0x000007f83ecc0000 - 0x000007f83ed0f000 	C:\Windows\SYSTEM32\cfgmgr32.dll
0x000007f83f000000 - 0x000007f83f022000 	C:\Windows\system32\DEVOBJ.dll
0x0000000076b80000 - 0x0000000076b8f000 	C:\Program Files\Java\jdk1.7.0_79\jre\bin\verify.dll
0x0000000076b50000 - 0x0000000076b78000 	C:\Program Files\Java\jdk1.7.0_79\jre\bin\java.dll
0x0000000076b30000 - 0x0000000076b45000 	C:\Program Files\Java\jdk1.7.0_79\jre\bin\zip.dll
0x0000000076b10000 - 0x0000000076b2a000 	C:\Program Files\Java\jdk1.7.0_79\jre\bin\net.dll
0x000007f83e420000 - 0x000007f83e47c000 	C:\Windows\system32\mswsock.dll
0x0000000076af0000 - 0x0000000076b01000 	C:\Program Files\Java\jdk1.7.0_79\jre\bin\nio.dll
0x000007f835ee0000 - 0x000007f835ef2000 	C:\Users\500039856\.gradle\native\19\windows-amd64\native-platform.dll
0x000007f8403a0000 - 0x000007f8403f0000 	C:\Windows\system32\SHLWAPI.dll
0x000007f83d140000 - 0x000007f83d16c000 	C:\Windows\SYSTEM32\IPHLPAPI.DLL
0x000007f83d040000 - 0x000007f83d04a000 	C:\Windows\SYSTEM32\WINNSI.DLL
0x000007f83ca20000 - 0x000007f83ca33000 	C:\Windows\SYSTEM32\dhcpcsvc6.DLL
0x000007f83ca00000 - 0x000007f83ca18000 	C:\Windows\SYSTEM32\dhcpcsvc.DLL
0x000007f83e480000 - 0x000007f83e49a000 	C:\Windows\SYSTEM32\CRYPTSP.dll
0x000007f83e0d0000 - 0x000007f83e11b000 	C:\Windows\system32\rsaenh.dll
0x000007f83f030000 - 0x000007f83f04f000 	C:\Windows\system32\USERENV.dll
0x000007f83eb80000 - 0x000007f83eb95000 	C:\Windows\system32\profapi.dll
0x000007f83ea10000 - 0x000007f83ea1a000 	C:\Windows\SYSTEM32\CRYPTBASE.dll
0x000007f83e9b0000 - 0x000007f83ea0d000 	C:\Windows\SYSTEM32\bcryptPrimitives.dll
0x000007f830e30000 - 0x000007f830f93000 	C:\Windows\SYSTEM32\dbghelp.dll

VM Arguments:
jvm_args: -XX:MaxPermSize=256m -XX:+HeapDumpOnOutOfMemoryError -Xmx1024m -Dfile.encoding=windows-1252 -Duser.country=US -Duser.language=en -Duser.variant 
java_command: org.gradle.launcher.daemon.bootstrap.GradleDaemon 2.8
Launcher Type: SUN_STANDARD

Environment Variables:
PATH=C:\Program Files (x86)\NVIDIA Corporation\PhysX\Common;C:\ProgramData\Oracle\Java\javapath;C:\Windows\system32;C:\Windows;C:\Windows\System32\Wbem;C:\Windows\System32\WindowsPowerShell\v1.0\;C:\Program Files (x86)\Intel\OpenCL SDK\2.0\bin\x86;C:\Program Files (x86)\Intel\OpenCL SDK\2.0\bin\x64;C:\Program Files (x86)\Common Files\lenovo\easyplussdk\bin;C:\Program Files\Microsoft SQL Server\120\Tools\Binn\;C:\Program Files (x86)\Windows Kits\10\Windows Performance Toolkit\;C:\Program Files (x86)\Microsoft SQL Server\100\Tools\Binn\;C:\Program Files\Microsoft SQL Server\100\Tools\Binn\;C:\Program Files\Microsoft SQL Server\100\DTS\Binn\;C:\Program Files\Microsoft SQL Server\110\Tools\Binn\;OPENCV_DIR\X64\vc12\bin;C:\Program Files\Git\cmd;C:\sqlite;C:\Program Files\Java\jdk1.7.0_79\bin;C:\Program Files (x86)\C-Free 5\mingw\bin;C:\Program Files (x86)\CMake 2.8\bin;C:\Users\500039856\AppData\Local\atom\bin
USERNAME=500039856
OS=Windows_NT
PROCESSOR_IDENTIFIER=Intel64 Family 6 Model 58 Stepping 9, GenuineIntel



---------------  S Y S T E M  ---------------

OS: Windows 8 , 64 bit Build 9200 

CPU:total 4 (2 cores per cpu, 2 threads per core) family 6 model 58 stepping 9, cmov, cx8, fxsr, mmx, sse, sse2, sse3, ssse3, sse4.1, sse4.2, popcnt, avx, erms, ht, tsc, tscinvbit, tscinv

Memory: 4k page, physical 8268112k(4151120k free), swap 16656744k(11223480k free)

vm_info: Java HotSpot(TM) 64-Bit Server VM (24.79-b02) for windows-amd64 JRE (1.7.0_79-b15), built on Apr 10 2015 12:36:16 by "java_re" with unknown MS VC++:1600

time: Fri Sep 30 17:42:51 2016
elapsed time: 4 seconds

